<?xml version="1.0" encoding="UTF-8"?>
<coverage generated="1675440808815" clover="3.2.0">
  <project timestamp="1675440808816" name="All files">
    <metrics statements="11" coveredstatements="11" conditionals="0" coveredconditionals="0" methods="3" coveredmethods="3" elements="14" coveredelements="14" complexity="0" loc="11" ncloc="11" packages="1" files="2" classes="2"/>
    <file name="directions.js" path="/Users/williamlines/Projects/EV-map/EV-Map-Lambdas/lambdas/directions.js">
      <metrics statements="9" coveredstatements="9" conditionals="0" coveredconditionals="0" methods="2" coveredmethods="2"/>
      <line num="3" count="1" type="stmt"/>
      <line num="5" count="1" type="stmt"/>
      <line num="6" count="1" type="stmt"/>
      <line num="7" count="1" type="stmt"/>
      <line num="8" count="1" type="stmt"/>
      <line num="13" count="1" type="stmt"/>
      <line num="17" count="1" type="stmt"/>
      <line num="19" count="1" type="stmt"/>
      <line num="20" count="1" type="stmt"/>
    </file>
    <file name="handler.js" path="/Users/williamlines/Projects/EV-map/EV-Map-Lambdas/lambdas/handler.js">
      <metrics statements="2" coveredstatements="2" conditionals="0" coveredconditionals="0" methods="1" coveredmethods="1"/>
      <line num="3" count="1" type="stmt"/>
      <line num="4" count="1" type="stmt"/>
    </file>
  </project>
</coverage>
