{"/Users/williamlines/Projects/EV-map/EV-Map-Lambdas/lambdas/directions.js": {"path":"/Users/williamlines/Projects/EV-map/EV-Map-Lambdas/lambdas/directions.js","statementMap":{"0":{"start":{"line":3,"column":25},"end":{"line":3,"column":53}},"1":{"start":{"line":5,"column":0},"end":{"line":14,"column":2}},"2":{"start":{"line":6,"column":14},"end":{"line":6,"column":35}},"3":{"start":{"line":7,"column":15},"end":{"line":7,"column":31}},"4":{"start":{"line":8,"column":19},"end":{"line":12,"column":3}},"5":{"start":{"line":13,"column":2},"end":{"line":13,"column":18}},"6":{"start":{"line":17,"column":14},"end":{"line":17,"column":161}},"7":{"start":{"line":19,"column":14},"end":{"line":19,"column":30}},"8":{"start":{"line":20,"column":2},"end":{"line":20,"column":13}}},"fnMap":{"0":{"name":"(anonymous_0)","decl":{"start":{"line":5,"column":28},"end":{"line":5,"column":29}},"loc":{"start":{"line":5,"column":45},"end":{"line":14,"column":1}},"line":5},"1":{"name":"getDirections","decl":{"start":{"line":16,"column":15},"end":{"line":16,"column":28}},"loc":{"start":{"line":16,"column":31},"end":{"line":21,"column":1}},"line":16}},"branchMap":{},"s":{"0":1,"1":1,"2":1,"3":1,"4":1,"5":1,"6":1,"7":1,"8":1},"f":{"0":1,"1":1},"b":{},"_coverageSchema":"1a1c01bbd47fc00a2c39e90264f33305004495a9","hash":"02de55d3482a7a62ff3e86a8136b41f7bc744f7c"}
,"/Users/williamlines/Projects/EV-map/EV-Map-Lambdas/lambdas/handler.js": {"path":"/Users/williamlines/Projects/EV-map/EV-Map-Lambdas/lambdas/handler.js","statementMap":{"0":{"start":{"line":3,"column":0},"end":{"line":15,"column":2}},"1":{"start":{"line":4,"column":2},"end":{"line":14,"column":4}}},"fnMap":{"0":{"name":"(anonymous_0)","decl":{"start":{"line":3,"column":23},"end":{"line":3,"column":24}},"loc":{"start":{"line":3,"column":40},"end":{"line":15,"column":1}},"line":3}},"branchMap":{},"s":{"0":1,"1":1},"f":{"0":1},"b":{},"_coverageSchema":"1a1c01bbd47fc00a2c39e90264f33305004495a9","hash":"efd026b9bef913faa001e3c3415d552d19e97b92"}
}
